<?xml version="1.0" encoding="UTF-8"?>
<!-- Generated by org.testng.reporters.JUnitXMLReporter -->
<testsuite hostname="Vamsi" name="Service.InsertPatientLoginDetailsTest" tests="1" failures="1" timestamp="22 Apr 2017 20:35:12 GMT" time="0.593" errors="0">
  <testcase name="testInsertPatientLoginDetailsPass on testInsertPatientLoginDetailsPass(Service.InsertPatientLoginDetailsTest)" time="0.59" classname="Service.InsertPatientLoginDetailsTest">
    <failure type="java.lang.AssertionError" message="Failed to insert patient details into login table 0 expected:&amp;lt;1&amp;gt; but was:&amp;lt;0&amp;gt;">
      <![CDATA[java.lang.AssertionError: Failed to insert patient details into login table 0 expected:<1> but was:<0>
	at org.junit.Assert.fail(Assert.java:88)
	at org.junit.Assert.failNotEquals(Assert.java:834)
	at org.junit.Assert.assertEquals(Assert.java:645)
	at Service.InsertPatientLoginDetailsTest.testInsertPatientLoginDetailsPass(InsertPatientLoginDetailsTest.java:36)
	at org.junit.runners.model.FrameworkMethod$1.runReflectiveCall(FrameworkMethod.java:50)
	at org.junit.internal.runners.model.ReflectiveCallable.run(ReflectiveCallable.java:12)
	at org.junit.runners.model.FrameworkMethod.invokeExplosively(FrameworkMethod.java:47)
	at org.junit.internal.runners.statements.InvokeMethod.evaluate(InvokeMethod.java:17)
	at org.junit.runners.ParentRunner.runLeaf(ParentRunner.java:325)
	at org.junit.runners.BlockJUnit4ClassRunner.runChild(BlockJUnit4ClassRunner.java:78)
	at org.junit.runners.BlockJUnit4ClassRunner.runChild(BlockJUnit4ClassRunner.java:57)
	at org.junit.runners.ParentRunner$3.run(ParentRunner.java:290)
	at org.junit.runners.ParentRunner$1.schedule(ParentRunner.java:71)
	at org.junit.runners.ParentRunner.runChildren(ParentRunner.java:288)
	at org.junit.runners.ParentRunner.access$000(ParentRunner.java:58)
	at org.junit.runners.ParentRunner$2.evaluate(ParentRunner.java:268)
	at org.junit.runners.ParentRunner.run(ParentRunner.java:363)
	at org.junit.runner.JUnitCore.run(JUnitCore.java:137)
	at org.junit.runner.JUnitCore.run(JUnitCore.java:115)
... Removed 21 stack frames]]>
    </failure>
  </testcase> <!-- testInsertPatientLoginDetailsPass on testInsertPatientLoginDetailsPass(Service.InsertPatientLoginDetailsTest) -->
</testsuite> <!-- Service.InsertPatientLoginDetailsTest -->
